2025/02/24 17:12:58 ERROR: Server - Google (https://google.com) is unreachable or returned status 500
2025/02/24 17:12:59 ERROR: Server - GitHub (https://github.com) is unreachable or returned status 500
2025/02/24 17:13:08 ERROR: Server - Google (https://google.com) is unreachable or returned status 500
2025/02/24 17:13:24 Server - GitHub (https://github.com) is back online
2025/02/24 17:13:24 Server - Google (https://google.com) is back online
2025/02/24 17:13:58 ERROR: Server - Google (https://google.com) is unreachable or returned status 500
2025/02/24 17:13:58 ERROR: Server - GitHub (https://github.com) is unreachable or returned status 500
2025/02/24 17:14:16 Server - Google (https://google.com) is back online
2025/02/24 17:14:25 Server - GitHub (https://github.com) is back online
2025/02/24 17:14:26 Server - Google (https://google.com) is back online
2025/02/24 17:14:34 Server - GitHub (https://github.com) is back online
2025/02/24 17:14:38 ERROR: Server - Google (https://google.com) is unreachable or returned status 500
2025/02/24 17:14:48 ERROR: Server - Google (https://google.com) is unreachable or returned status 500
2025/02/24 17:14:55 Server - Google (https://google.com) is back online
2025/02/24 17:17:08 ERROR: Server - GitHub (https://github.com) is unreachable or returned status 500
2025/02/24 17:17:37 ERROR: Server - Google (https://google.com) is unreachable or returned status 500
2025/02/24 17:17:38 ERROR: Server - GitHub (https://github.com) is unreachable or returned status 500
2025/02/24 17:18:01 Server - GitHub (https://github.com) is back online
2025/02/24 17:18:21 Server - Google (https://google.com) is back online
2025/02/24 17:18:37 ERROR: Server - GitHub (https://github.com) is unreachable or returned status 500
2025/02/24 17:18:56 Server - GitHub (https://github.com) is back online
2025/02/24 17:19:16 ERROR: Server - Google (https://google.com) is unreachable or returned status 500
2025/02/24 17:19:28 Server - Google (https://google.com) is back online
2025/02/24 17:19:44 ERROR: Server - GitHub (https://github.com) is unreachable or returned status 500
2025/02/24 17:20:07 Server - GitHub (https://github.com) is back online
2025/02/24 17:21:33 ERROR: Server - Mekanly Group (https://mekanly.com.tm) is unreachable or returned status 500
2025/02/24 17:21:38 ERROR: Server - GitHub (https://github.com) is unreachable or returned status 500
2025/02/24 17:22:05 Server - Mekanly Group (https://mekanly.com.tm) is back online
2025/02/24 17:22:09 Server - GitHub (https://github.com) is back online
2025/02/24 17:22:23 ERROR: Server - Google (https://google.com) is unreachable or returned status 500
2025/02/24 17:22:32 Server - Google (https://google.com) is back online
2025/02/24 17:25:33 ERROR: Server - Google (https://google.com) is unreachable or returned status 500
2025/02/24 17:25:50 Server - Google (https://google.com) is back online
2025/02/24 17:27:23 ERROR: Server - GitHub (https://github.com) is unreachable or returned status 500
2025/02/24 17:27:41 Server - GitHub (https://github.com) is back online
2025/02/24 17:28:13 ERROR: Server - GitHub (https://github.com) is unreachable or returned status 500
2025/02/24 17:28:53 ERROR: Server - Google (https://google.com) is unreachable or returned status 500
2025/02/24 17:29:04 Server - Google (https://google.com) is back online
2025/02/24 17:30:18 Server - GitHub (https://github.com) is back online
2025/02/24 17:31:43 ERROR: Server - Google (https://google.com) is unreachable or returned status 500
2025/02/24 17:31:43 ERROR: Server - GitHub (https://github.com) is unreachable or returned status 500
2025/02/24 17:32:02 Server - GitHub (https://github.com) is back online
2025/02/24 17:32:02 Server - Google (https://google.com) is back online
2025/02/24 17:33:03 ERROR: Server - Google (https://google.com) is unreachable or returned status 500
2025/02/24 17:33:29 Server - Google (https://google.com) is back online
2025/02/24 17:33:54 ERROR: Server - Google (https://google.com) is unreachable or returned status 500
2025/02/24 17:34:29 Server - Google (https://google.com) is back online
2025/02/24 17:34:53 ERROR: Server - Google (https://google.com) is unreachable or returned status 500
2025/02/24 17:35:06 Server - Google (https://google.com) is back online
2025/02/24 18:50:25 ERROR: Server - GitHub (https://github.com) is unreachable or returned status 500
2025/02/24 18:50:40 Server - GitHub (https://github.com) is back online
2025/02/24 18:57:22 ERROR: Server - Google (https://google.com) is unreachable or returned status 500
2025/02/24 18:57:32 ERROR: Server - Google (https://google.com) is unreachable or returned status 500
2025/02/24 18:57:38 Server - Google (https://google.com) is back online
2025/02/24 19:05:37 ERROR: Server - Arassachylyk (http://199.40.7.55:8000/api/v1/health) is unreachable or returned status 500
2025/02/24 19:07:47 ERROR: Server - Arassachylyk (http://199.40.7.55:8000/api/v1/health) is unreachable or returned status 500
2025/02/24 19:14:04 ERROR: Server - Arassachylyk (http://199.40.7.55:8000/api/v1/health) is unreachable or returned status 500
2025/02/24 19:14:24 Server - Arassachylyk (http://199.40.7.55:8000/api/v1/health) is back online
2025/02/24 19:18:35 ERROR: Server - Arassachylyk (http://199.40.7.55:8000/api/v1/health) is unreachable or returned status 500
2025/02/24 19:18:45 Server - Arassachylyk (http://199.40.7.55:8000/api/v1/health) is back online
